<?xml version="1.0" encoding="UTF-8"?>
<!-- Generated by org.testng.reporters.JUnitReportReporter -->
<testsuite skipped="0" hostname="santosh-PC" name="qaclickacademy.SeleniumTest" tests="2" failures="0" timestamp="25 Apr 2019 06:38:35 GMT" time="0.016" errors="0">
  <testcase name="elementsUI" time="0.000" classname="qaclickacademy.SeleniumTest"/>
  <testcase name="browserAutomation" time="0.016" classname="qaclickacademy.SeleniumTest"/>
</testsuite> <!-- qaclickacademy.SeleniumTest -->
